This is XeTeX, Version 3.14159265-2.6-0.999991 (TeX Live 2019/W32TeX) (preloaded format=xelatex 2019.8.26)  12 JAN 2020 09:53
entering extended mode
 restricted \write18 enabled.
 %&-line parsing enabled.
**thesis.tex
(./thesis.tex
LaTeX2e <2018-12-01>
(e:/Program Files/texlive/2019/texmf-dist/tex/latex/ctex/ctexart.cls
(e:/Program Files/texlive/2019/texmf-dist/tex/latex/l3kernel/expl3.sty
Package: expl3 2019-04-06 L3 programming layer (loader) 

(e:/Program Files/texlive/2019/texmf-dist/tex/latex/l3kernel/expl3-code.tex
Package: expl3 2019-04-06 L3 programming layer (code)
\c_max_int=\count80
\l_tmpa_int=\count81
\l_tmpb_int=\count82
\g_tmpa_int=\count83
\g_tmpb_int=\count84
\g__kernel_prg_map_int=\count85
\c__ior_term_ior=\count86
\c_log_iow=\count87
\l_iow_line_count_int=\count88
\l__iow_line_target_int=\count89
\l__iow_one_indent_int=\count90
\l__iow_indent_int=\count91
\c_zero_dim=\dimen102
\c_max_dim=\dimen103
\l_tmpa_dim=\dimen104
\l_tmpb_dim=\dimen105
\g_tmpa_dim=\dimen106
\g_tmpb_dim=\dimen107
\c_zero_skip=\skip41
\c_max_skip=\skip42
\l_tmpa_skip=\skip43
\l_tmpb_skip=\skip44
\g_tmpa_skip=\skip45
\g_tmpb_skip=\skip46
\c_zero_muskip=\muskip10
\c_max_muskip=\muskip11
\l_tmpa_muskip=\muskip12
\l_tmpb_muskip=\muskip13
\g_tmpa_muskip=\muskip14
\g_tmpb_muskip=\muskip15
\l_keys_choice_int=\count92
\l__intarray_loop_int=\count93
\c__intarray_sp_dim=\dimen108
\g__intarray_font_int=\count94
\c__fp_leading_shift_int=\count95
\c__fp_middle_shift_int=\count96
\c__fp_trailing_shift_int=\count97
\c__fp_big_leading_shift_int=\count98
\c__fp_big_middle_shift_int=\count99
\c__fp_big_trailing_shift_int=\count100
\c__fp_Bigg_leading_shift_int=\count101
\c__fp_Bigg_middle_shift_int=\count102
\c__fp_Bigg_trailing_shift_int=\count103
\g__fp_array_int=\count104
\l__fp_array_loop_int=\count105
\l__sort_length_int=\count106
\l__sort_min_int=\count107
\l__sort_top_int=\count108
\l__sort_max_int=\count109
\l__sort_true_max_int=\count110
\l__sort_block_int=\count111
\l__sort_begin_int=\count112
\l__sort_end_int=\count113
\l__sort_A_int=\count114
\l__sort_B_int=\count115
\l__sort_C_int=\count116
\l__tl_analysis_normal_int=\count117
\l__tl_analysis_index_int=\count118
\l__tl_analysis_nesting_int=\count119
\l__tl_analysis_type_int=\count120
\l__regex_internal_a_int=\count121
\l__regex_internal_b_int=\count122
\l__regex_internal_c_int=\count123
\l__regex_balance_int=\count124
\l__regex_group_level_int=\count125
\l__regex_mode_int=\count126
\c__regex_cs_in_class_mode_int=\count127
\c__regex_cs_mode_int=\count128
\l__regex_catcodes_int=\count129
\l__regex_default_catcodes_int=\count130
\c__regex_catcode_L_int=\count131
\c__regex_catcode_O_int=\count132
\c__regex_catcode_A_int=\count133
\c__regex_all_catcodes_int=\count134
\l__regex_show_lines_int=\count135
\l__regex_min_state_int=\count136
\l__regex_max_state_int=\count137
\l__regex_left_state_int=\count138
\l__regex_right_state_int=\count139
\l__regex_capturing_group_int=\count140
\l__regex_min_pos_int=\count141
\l__regex_max_pos_int=\count142
\l__regex_curr_pos_int=\count143
\l__regex_start_pos_int=\count144
\l__regex_success_pos_int=\count145
\l__regex_curr_char_int=\count146
\l__regex_curr_catcode_int=\count147
\l__regex_last_char_int=\count148
\l__regex_case_changed_char_int=\count149
\l__regex_curr_state_int=\count150
\l__regex_step_int=\count151
\l__regex_min_active_int=\count152
\l__regex_max_active_int=\count153
\l__regex_replacement_csnames_int=\count154
\l__regex_match_count_int=\count155
\l__regex_min_submatch_int=\count156
\l__regex_submatch_int=\count157
\l__regex_zeroth_submatch_int=\count158
\g__regex_trace_regex_int=\count159
\c_empty_box=\box27
\l_tmpa_box=\box28
\l_tmpb_box=\box29
\g_tmpa_box=\box30
\g_tmpb_box=\box31
\l__box_top_dim=\dimen109
\l__box_bottom_dim=\dimen110
\l__box_left_dim=\dimen111
\l__box_right_dim=\dimen112
\l__box_top_new_dim=\dimen113
\l__box_bottom_new_dim=\dimen114
\l__box_left_new_dim=\dimen115
\l__box_right_new_dim=\dimen116
\l__box_internal_box=\box32
\l__coffin_internal_box=\box33
\l__coffin_internal_dim=\dimen117
\l__coffin_offset_x_dim=\dimen118
\l__coffin_offset_y_dim=\dimen119
\l__coffin_x_dim=\dimen120
\l__coffin_y_dim=\dimen121
\l__coffin_x_prime_dim=\dimen122
\l__coffin_y_prime_dim=\dimen123
\c_empty_coffin=\box34
\l__coffin_aligned_coffin=\box35
\l__coffin_aligned_internal_coffin=\box36
\l_tmpa_coffin=\box37
\l_tmpb_coffin=\box38
\g_tmpa_coffin=\box39
\g_tmpb_coffin=\box40
\l__coffin_bounding_shift_dim=\dimen124
\l__coffin_left_corner_dim=\dimen125
\l__coffin_right_corner_dim=\dimen126
\l__coffin_bottom_corner_dim=\dimen127
\l__coffin_top_corner_dim=\dimen128
\l__coffin_scaled_total_height_dim=\dimen129
\l__coffin_scaled_width_dim=\dimen130
\c__coffin_empty_coffin=\box41
\l__coffin_display_coffin=\box42
\l__coffin_display_coord_coffin=\box43
\l__coffin_display_pole_coffin=\box44
\l__coffin_display_offset_dim=\dimen131
\l__coffin_display_x_dim=\dimen132
\l__coffin_display_y_dim=\dimen133
\g__file_internal_ior=\read1
\l__seq_internal_a_int=\count160
\l__seq_internal_b_int=\count161
\c__deprecation_minus_one=\count162
)
(e:/Program Files/texlive/2019/texmf-dist/tex/latex/l3kernel/l3xdvipdfmx.def
File: l3xdvipdfmx.def 2019-04-06 v L3 Experimental driver: xdvipdfmx
\g__driver_image_int=\count163
\g__driver_pdf_object_int=\count164
))
Document Class: ctexart 2019/04/07 v2.4.15 Chinese adapter for class article (C
TEX)

(e:/Program Files/texlive/2019/texmf-dist/tex/latex/l3packages/xparse/xparse.st
y
Package: xparse 2019-03-05 L3 Experimental document command parser
\l__xparse_current_arg_int=\count165
\g__xparse_grabber_int=\count166
\l__xparse_m_args_int=\count167
\l__xparse_v_nesting_int=\count168
)
(e:/Program Files/texlive/2019/texmf-dist/tex/latex/l3packages/l3keys2e/l3keys2
e.sty
Package: l3keys2e 2019-03-05 LaTeX2e option processing using LaTeX3 keys
) (e:/Program Files/texlive/2019/texmf-dist/tex/latex/ctex/ctexhook.sty
Package: ctexhook 2019/04/07 v2.4.15 Document and package hooks (CTEX)
)
(e:/Program Files/texlive/2019/texmf-dist/tex/latex/ctex/ctexpatch.sty
Package: ctexpatch 2019/04/07 v2.4.15 Patching commands (CTEX)
)
(e:/Program Files/texlive/2019/texmf-dist/tex/latex/base/fix-cm.sty
Package: fix-cm 2015/01/14 v1.1t fixes to LaTeX

(e:/Program Files/texlive/2019/texmf-dist/tex/latex/base/ts1enc.def
File: ts1enc.def 2001/06/05 v3.0e (jk/car/fm) Standard LaTeX file
))
(e:/Program Files/texlive/2019/texmf-dist/tex/latex/ms/everysel.sty
Package: everysel 2011/10/28 v1.2 EverySelectfont Package (MS)
)
\l__ctex_tmp_int=\count169
\l__ctex_tmp_box=\box45
\l__ctex_tmp_dim=\dimen134
\g__ctex_section_depth_int=\count170
\g__ctex_font_size_int=\count171

(e:/Program Files/texlive/2019/texmf-dist/tex/latex/ctex/config/ctexopts.cfg
File: ctexopts.cfg 2019/04/07 v2.4.15 Option configuration file (CTEX)
)

Package ctex Warning: Option `cs4size' is deprecated.
(ctex)                Option `zihao=-4' is set.

(e:/Program Files/texlive/2019/texmf-dist/tex/latex/base/article.cls
Document Class: article 2018/09/03 v1.4i Standard LaTeX document class
(e:/Program Files/texlive/2019/texmf-dist/tex/latex/base/size12.clo
File: size12.clo 2018/09/03 v1.4i Standard LaTeX file (size option)
)
\c@part=\count172
\c@section=\count173
\c@subsection=\count174
\c@subsubsection=\count175
\c@paragraph=\count176
\c@subparagraph=\count177
\c@figure=\count178
\c@table=\count179
\abovecaptionskip=\skip47
\belowcaptionskip=\skip48
\bibindent=\dimen135
)
(e:/Program Files/texlive/2019/texmf-dist/tex/latex/ctex/engine/ctex-engine-xet
ex.def
File: ctex-engine-xetex.def 2019/04/07 v2.4.15 XeLaTeX adapter (CTEX)
 (e:/Program Files/texlive/2019/texmf-dist/tex/xelatex/xecjk/xeCJK.sty
Package: xeCJK 2019/04/07 v3.7.2 Typesetting CJK scripts with XeLaTeX

(e:/Program Files/texlive/2019/texmf-dist/tex/latex/l3packages/xtemplate/xtempl
ate.sty
Package: xtemplate 2019-03-05 L3 Experimental prototype document functions
\l__xtemplate_tmp_dim=\dimen136
\l__xtemplate_tmp_int=\count180
\l__xtemplate_tmp_muskip=\muskip16
\l__xtemplate_tmp_skip=\skip49
)
\l__xeCJK_tmp_int=\count181
\l__xeCJK_tmp_box=\box46
\l__xeCJK_tmp_dim=\dimen137
\l__xeCJK_tmp_skip=\skip50
\g__xeCJK_space_factor_int=\count182
\l__xeCJK_begin_int=\count183
\l__xeCJK_end_int=\count184
\c__xeCJK_CJK_class_int=\XeTeXcharclass1
\c__xeCJK_FullLeft_class_int=\XeTeXcharclass2
\c__xeCJK_FullRight_class_int=\XeTeXcharclass3
\c__xeCJK_HalfLeft_class_int=\XeTeXcharclass4
\c__xeCJK_HalfRight_class_int=\XeTeXcharclass5
\c__xeCJK_NormalSpace_class_int=\XeTeXcharclass6
\c__xeCJK_CM_class_int=\XeTeXcharclass7
\c__xeCJK_HangulJamo_class_int=\XeTeXcharclass8
\l__xeCJK_last_skip=\skip51
\g__xeCJK_node_int=\count185
\c__xeCJK_CJK_node_dim=\dimen138
\c__xeCJK_CJK-space_node_dim=\dimen139
\c__xeCJK_default_node_dim=\dimen140
\c__xeCJK_default-space_node_dim=\dimen141
\c__xeCJK_CJK-widow_node_dim=\dimen142
\c__xeCJK_normalspace_node_dim=\dimen143
\l__xeCJK_ccglue_skip=\skip52
\l__xeCJK_ecglue_skip=\skip53
\l__xeCJK_punct_kern_skip=\skip54
\l__xeCJK_last_penalty_int=\count186
\l__xeCJK_last_bound_dim=\dimen144
\l__xeCJK_last_kern_dim=\dimen145
\l__xeCJK_widow_penalty_int=\count187

Package xtemplate Info: Declaring object type 'xeCJK/punctuation' taking 0
(xtemplate)             argument(s) on line 2352.

\l__xeCJK_fixed_punct_width_dim=\dimen146
\l__xeCJK_mixed_punct_width_dim=\dimen147
\l__xeCJK_middle_punct_width_dim=\dimen148
\l__xeCJK_fixed_margin_width_dim=\dimen149
\l__xeCJK_mixed_margin_width_dim=\dimen150
\l__xeCJK_middle_margin_width_dim=\dimen151
\l__xeCJK_bound_punct_width_dim=\dimen152
\l__xeCJK_bound_margin_width_dim=\dimen153
\l__xeCJK_margin_minimum_dim=\dimen154
\l__xeCJK_kerning_total_width_dim=\dimen155
\l__xeCJK_same_align_margin_dim=\dimen156
\l__xeCJK_different_align_margin_dim=\dimen157
\l__xeCJK_kerning_margin_width_dim=\dimen158
\l__xeCJK_kerning_margin_minimum_dim=\dimen159
\l__xeCJK_bound_dim=\dimen160
\l__xeCJK_reverse_bound_dim=\dimen161
\l__xeCJK_minimum_bound_dim=\dimen162
\l__xeCJK_kerning_margin_dim=\dimen163
\l__xeCJK_original_margin_dim=\dimen164
\g__xeCJK_family_int=\count188
\l__xeCJK_fam_int=\count189
\g__xeCJK_fam_allocation_int=\count190
\l__xeCJK_verb_case_int=\count191
\l__xeCJK_verb_exspace_skip=\skip55

(e:/Program Files/texlive/2019/texmf-dist/tex/latex/fontspec/fontspec.sty
Package: fontspec 2019/03/15 v2.7c Font selection for XeLaTeX and LuaLaTeX

(e:/Program Files/texlive/2019/texmf-dist/tex/latex/fontspec/fontspec-xetex.sty
Package: fontspec-xetex 2019/03/15 v2.7c Font selection for XeLaTeX and LuaLaTe
X
\l__fontspec_script_int=\count192
\l__fontspec_language_int=\count193
\l__fontspec_strnum_int=\count194
\l__fontspec_tmp_int=\count195
\l__fontspec_tmpa_int=\count196
\l__fontspec_tmpb_int=\count197
\l__fontspec_tmpc_int=\count198
\l__fontspec_em_int=\count199
\l__fontspec_emdef_int=\count266
\l__fontspec_strong_int=\count267
\l__fontspec_strongdef_int=\count268
\l__fontspec_tmpa_dim=\dimen165
\l__fontspec_tmpb_dim=\dimen166
\l__fontspec_tmpc_dim=\dimen167
(e:/Program Files/texlive/2019/texmf-dist/tex/latex/base/fontenc.sty
Package: fontenc 2018/08/11 v2.0j Standard LaTeX package

(e:/Program Files/texlive/2019/texmf-dist/tex/latex/base/tuenc.def
File: tuenc.def 2018/08/11 v2.0j Standard LaTeX file
LaTeX Font Info:    Redeclaring font encoding TU on input line 82.
))
(e:/Program Files/texlive/2019/texmf-dist/tex/latex/fontspec/fontspec.cfg)
LaTeX Info: Redefining \itshape on input line 4051.
LaTeX Info: Redefining \slshape on input line 4056.
LaTeX Info: Redefining \scshape on input line 4061.
LaTeX Info: Redefining \upshape on input line 4066.
LaTeX Info: Redefining \em on input line 4096.
LaTeX Info: Redefining \emph on input line 4121.
))
(e:/Program Files/texlive/2019/texmf-dist/tex/xelatex/xecjk/xeCJK.cfg
File: xeCJK.cfg 2019/04/07 v3.7.2 Configuration file for xeCJK package
))
(e:/Program Files/texlive/2019/texmf-dist/tex/xelatex/xecjk/xeCJKfntef.sty
Package: xeCJKfntef 2019/04/07 v3.7.2 xeCJK font effect

(e:/Program Files/texlive/2019/texmf-dist/tex/generic/ulem/ulem.sty
\UL@box=\box47
\UL@hyphenbox=\box48
\UL@skip=\skip56
\UL@hook=\toks14
\UL@height=\dimen168
\UL@pe=\count269
\UL@pixel=\dimen169
\ULC@box=\box49
Package: ulem 2012/05/18
\ULdepth=\dimen170
)
(e:/Program Files/texlive/2019/texmf-dist/tex/latex/cjk/texinput/CJKfntef.sty
Package: CJKfntef 2015/04/18 4.8.4
\CJK@fntefSkip=\skip57
\CJK@nest=\count270
\CJK@fntefDimen=\dimen171
\CJK@underdotBox=\box50
\CJK@ULbox=\box51
\CJK@underanyskip=\dimen172
)
\l__xeCJK_space_skip=\skip58
\c__xeCJK_ulem-begin_node_dim=\dimen173
\c__xeCJK_null_box=\box52
\l__xeCJK_fntef_box=\box53
\l__xeCJK_under_symbol_box=\box54
\c__xeCJK_filll_skip=\skip59
)
\ccwd=\dimen174
\l__ctex_ccglue_skip=\skip60
)
\l__ctex_ziju_dim=\dimen175
 (e:/Program Files/texlive/2019/texmf-dist/tex/latex/zhnumber/zhnumber.sty
Package: zhnumber 2019/04/07 v2.7 Typesetting numbers with Chinese glyphs
\l__zhnum_scale_int=\count271

(e:/Program Files/texlive/2019/texmf-dist/tex/latex/zhnumber/zhnumber-utf8.cfg
File: zhnumber-utf8.cfg 2019/04/07 v2.7 Chinese numerals with UTF8 encoding
))
\l__ctex_heading_skip=\skip61

(e:/Program Files/texlive/2019/texmf-dist/tex/latex/ctex/scheme/ctex-scheme-chi
nese-article.def
File: ctex-scheme-chinese-article.def 2019/04/07 v2.4.15 Chinese scheme for art
icle (CTEX)

(e:/Program Files/texlive/2019/texmf-dist/tex/latex/ctex/config/ctex-name-utf8.
cfg
File: ctex-name-utf8.cfg 2019/04/07 v2.4.15 Caption with encoding UTF8 (CTEX)
)) (e:/Program Files/texlive/2019/texmf-dist/tex/latex/ctex/ctex-cs4size.clo
File: ctex-cs4size.clo 2019/04/07 v2.4.15 cs4size option (CTEX)
)
(e:/Program Files/texlive/2019/texmf-dist/tex/latex/ctex/fontset/ctex-fontset-w
indows.def
File: ctex-fontset-windows.def 2019/04/07 v2.4.15 Windows fonts definition (CTE
X)

(e:/Program Files/texlive/2019/texmf-dist/tex/latex/ctex/fontset/ctex-fontset-w
indowsnew.def
File: ctex-fontset-windowsnew.def 2019/04/07 v2.4.15 Windows fonts definition f
or Vista or later version (CTEX)

Package fontspec Info: Could not resolve font "KaiTi/B" (it probably doesn't
(fontspec)             exist).


Package fontspec Info: Could not resolve font "SimHei/I" (it probably doesn't
(fontspec)             exist).


Package fontspec Info: Could not resolve font "SimSun/BI" (it probably doesn't
(fontspec)             exist).


Package fontspec Info: Font family 'SimSun(0)' created for font 'SimSun' with
(fontspec)             options
(fontspec)             [Script={CJK},BoldFont={SimHei},ItalicFont={KaiTi}].
(fontspec)              
(fontspec)              This font family consists of the following NFSS
(fontspec)             series/shapes:
(fontspec)              
(fontspec)             - 'normal' (m/n) with NFSS spec.:
(fontspec)             <->"SimSun/OT:script=hani;language=DFLT;"
(fontspec)             - 'small caps'  (m/sc) with NFSS spec.: 
(fontspec)             - 'bold' (bx/n) with NFSS spec.:
(fontspec)             <->"SimHei/OT:script=hani;language=DFLT;"
(fontspec)             - 'bold small caps'  (bx/sc) with NFSS spec.: 
(fontspec)             - 'italic' (m/it) with NFSS spec.:
(fontspec)             <->"KaiTi/OT:script=hani;language=DFLT;"
(fontspec)             - 'italic small caps'  (m/itsc) with NFSS spec.: 

)))
(e:/Program Files/texlive/2019/texmf-dist/tex/latex/ctex/config/ctex.cfg
File: ctex.cfg 2019/04/07 v2.4.15 Configuration file (CTEX)
)
(e:/Program Files/texlive/2019/texmf-dist/tex/latex/amsmath/amsmath.sty
Package: amsmath 2018/12/01 v2.17b AMS math features
\@mathmargin=\skip62

For additional information on amsmath, use the `?' option.
(e:/Program Files/texlive/2019/texmf-dist/tex/latex/amsmath/amstext.sty
Package: amstext 2000/06/29 v2.01 AMS text

(e:/Program Files/texlive/2019/texmf-dist/tex/latex/amsmath/amsgen.sty
File: amsgen.sty 1999/11/30 v2.0 generic functions
\@emptytoks=\toks15
\ex@=\dimen176
))
(e:/Program Files/texlive/2019/texmf-dist/tex/latex/amsmath/amsbsy.sty
Package: amsbsy 1999/11/29 v1.2d Bold Symbols
\pmbraise@=\dimen177
)
(e:/Program Files/texlive/2019/texmf-dist/tex/latex/amsmath/amsopn.sty
Package: amsopn 2016/03/08 v2.02 operator names
)
\inf@bad=\count272
LaTeX Info: Redefining \frac on input line 223.
\uproot@=\count273
\leftroot@=\count274
LaTeX Info: Redefining \overline on input line 385.
\classnum@=\count275
\DOTSCASE@=\count276
LaTeX Info: Redefining \ldots on input line 482.
LaTeX Info: Redefining \dots on input line 485.
LaTeX Info: Redefining \cdots on input line 606.
\Mathstrutbox@=\box55
\strutbox@=\box56
\big@size=\dimen178
LaTeX Font Info:    Redeclaring font encoding OML on input line 729.
LaTeX Font Info:    Redeclaring font encoding OMS on input line 730.
\macc@depth=\count277
\c@MaxMatrixCols=\count278
\dotsspace@=\muskip17
\c@parentequation=\count279
\dspbrk@lvl=\count280
\tag@help=\toks16
\row@=\count281
\column@=\count282
\maxfields@=\count283
\andhelp@=\toks17
\eqnshift@=\dimen179
\alignsep@=\dimen180
\tagshift@=\dimen181
\tagwidth@=\dimen182
\totwidth@=\dimen183
\lineht@=\dimen184
\@envbody=\toks18
\multlinegap=\skip63
\multlinetaggap=\skip64
\mathdisplay@stack=\toks19
LaTeX Info: Redefining \[ on input line 2844.
LaTeX Info: Redefining \] on input line 2845.
)
(e:/Program Files/texlive/2019/texmf-dist/tex/latex/mdframed/mdframed.sty
Package: mdframed 2013/07/01 1.9b: mdframed

(e:/Program Files/texlive/2019/texmf-dist/tex/latex/oberdiek/kvoptions.sty
Package: kvoptions 2016/05/16 v3.12 Key value format for package options (HO)

(e:/Program Files/texlive/2019/texmf-dist/tex/latex/graphics/keyval.sty
Package: keyval 2014/10/28 v1.15 key=value parser (DPC)
\KV@toks@=\toks20
)
(e:/Program Files/texlive/2019/texmf-dist/tex/generic/oberdiek/ltxcmds.sty
Package: ltxcmds 2016/05/16 v1.23 LaTeX kernel commands for general use (HO)
)
(e:/Program Files/texlive/2019/texmf-dist/tex/generic/oberdiek/kvsetkeys.sty
Package: kvsetkeys 2016/05/16 v1.17 Key value parser (HO)

(e:/Program Files/texlive/2019/texmf-dist/tex/generic/oberdiek/infwarerr.sty
Package: infwarerr 2016/05/16 v1.4 Providing info/warning/error messages (HO)
)
(e:/Program Files/texlive/2019/texmf-dist/tex/generic/oberdiek/etexcmds.sty
Package: etexcmds 2016/05/16 v1.6 Avoid name clashes with e-TeX commands (HO)

(e:/Program Files/texlive/2019/texmf-dist/tex/generic/oberdiek/ifluatex.sty
Package: ifluatex 2016/05/16 v1.4 Provides the ifluatex switch (HO)
Package ifluatex Info: LuaTeX not detected.
)))) (e:/Program Files/texlive/2019/texmf-dist/tex/latex/etoolbox/etoolbox.sty
Package: etoolbox 2018/08/19 v2.5f e-TeX tools for LaTeX (JAW)
\etb@tempcnta=\count284
)
(e:/Program Files/texlive/2019/texmf-dist/tex/latex/oberdiek/zref-abspage.sty
Package: zref-abspage 2018/11/21 v2.27 Module abspage for zref (HO)

(e:/Program Files/texlive/2019/texmf-dist/tex/latex/oberdiek/zref-base.sty
Package: zref-base 2018/11/21 v2.27 Module base for zref (HO)

(e:/Program Files/texlive/2019/texmf-dist/tex/generic/oberdiek/kvdefinekeys.sty
Package: kvdefinekeys 2016/05/16 v1.4 Define keys (HO)
) (e:/Program Files/texlive/2019/texmf-dist/tex/generic/oberdiek/pdftexcmds.sty
Package: pdftexcmds 2018/09/10 v0.29 Utility functions of pdfTeX for LuaTeX (HO
)
(e:/Program Files/texlive/2019/texmf-dist/tex/generic/oberdiek/ifpdf.sty
Package: ifpdf 2018/09/07 v3.3 Provides the ifpdf switch
)
Package pdftexcmds Info: LuaTeX not detected.
Package pdftexcmds Info: pdfTeX >= 1.30 not detected.
Package pdftexcmds Info: \pdf@primitive is available.
Package pdftexcmds Info: \pdf@ifprimitive is available.
Package pdftexcmds Info: \pdfdraftmode not found.
)
(e:/Program Files/texlive/2019/texmf-dist/tex/latex/oberdiek/auxhook.sty
Package: auxhook 2016/05/16 v1.4 Hooks for auxiliary files (HO)
)
Package zref Info: New property list: main on input line 759.
Package zref Info: New property: default on input line 760.
Package zref Info: New property: page on input line 761.
)
(e:/Program Files/texlive/2019/texmf-dist/tex/generic/oberdiek/atbegshi.sty
Package: atbegshi 2016/06/09 v1.18 At begin shipout hook (HO)
)
\c@abspage=\count285
Package zref Info: New property: abspage on input line 62.
)
(e:/Program Files/texlive/2019/texmf-dist/tex/latex/needspace/needspace.sty
Package: needspace 2010/09/12 v1.3d reserve vertical space
)
(e:/Program Files/texlive/2019/texmf-dist/tex/latex/graphics/color.sty
Package: color 2016/07/10 v1.1e Standard LaTeX Color (DPC)

(e:/Program Files/texlive/2019/texmf-dist/tex/latex/graphics-cfg/color.cfg
File: color.cfg 2016/01/02 v1.6 sample color configuration
)
Package color Info: Driver file: xetex.def on input line 147.

(e:/Program Files/texlive/2019/texmf-dist/tex/latex/graphics-def/xetex.def
File: xetex.def 2017/06/24 v5.0h Graphics/color driver for xetex
))
\mdf@templength=\skip65
\c@mdf@globalstyle@cnt=\count286
\mdf@skipabove@length=\skip66
\mdf@skipbelow@length=\skip67
\mdf@leftmargin@length=\skip68
\mdf@rightmargin@length=\skip69
\mdf@innerleftmargin@length=\skip70
\mdf@innerrightmargin@length=\skip71
\mdf@innertopmargin@length=\skip72
\mdf@innerbottommargin@length=\skip73
\mdf@splittopskip@length=\skip74
\mdf@splitbottomskip@length=\skip75
\mdf@outermargin@length=\skip76
\mdf@innermargin@length=\skip77
\mdf@linewidth@length=\skip78
\mdf@innerlinewidth@length=\skip79
\mdf@middlelinewidth@length=\skip80
\mdf@outerlinewidth@length=\skip81
\mdf@roundcorner@length=\skip82
\mdf@footenotedistance@length=\skip83
\mdf@userdefinedwidth@length=\skip84
\mdf@needspace@length=\skip85
\mdf@frametitleaboveskip@length=\skip86
\mdf@frametitlebelowskip@length=\skip87
\mdf@frametitlerulewidth@length=\skip88
\mdf@frametitleleftmargin@length=\skip89
\mdf@frametitlerightmargin@length=\skip90
\mdf@shadowsize@length=\skip91
\mdf@extratopheight@length=\skip92
\mdf@subtitleabovelinewidth@length=\skip93
\mdf@subtitlebelowlinewidth@length=\skip94
\mdf@subtitleaboveskip@length=\skip95
\mdf@subtitlebelowskip@length=\skip96
\mdf@subtitleinneraboveskip@length=\skip97
\mdf@subtitleinnerbelowskip@length=\skip98
\mdf@subsubtitleabovelinewidth@length=\skip99
\mdf@subsubtitlebelowlinewidth@length=\skip100
\mdf@subsubtitleaboveskip@length=\skip101
\mdf@subsubtitlebelowskip@length=\skip102
\mdf@subsubtitleinneraboveskip@length=\skip103
\mdf@subsubtitleinnerbelowskip@length=\skip104


Package mdframed Warning: package option style is depreciated
 at this point and will be ignored
 use framemethod instead
(mdframed)                 on input line 382.

(e:/Program Files/texlive/2019/texmf-dist/tex/latex/mdframed/md-frame-0.mdf
File: md-frame-0.mdf 2013/07/01\ 1.9b: md-frame-0
)
\mdf@frametitlebox=\box57
\mdf@footnotebox=\box58
\mdf@splitbox@one=\box59
\mdf@splitbox@two=\box60
\mdf@splitbox@save=\box61
\mdfsplitboxwidth=\skip105
\mdfsplitboxtotalwidth=\skip106
\mdfsplitboxheight=\skip107
\mdfsplitboxdepth=\skip108
\mdfsplitboxtotalheight=\skip109
\mdfframetitleboxwidth=\skip110
\mdfframetitleboxtotalwidth=\skip111
\mdfframetitleboxheight=\skip112
\mdfframetitleboxdepth=\skip113
\mdfframetitleboxtotalheight=\skip114
\mdffootnoteboxwidth=\skip115
\mdffootnoteboxtotalwidth=\skip116
\mdffootnoteboxheight=\skip117
\mdffootnoteboxdepth=\skip118
\mdffootnoteboxtotalheight=\skip119
\mdftotallinewidth=\skip120
\mdfboundingboxwidth=\skip121
\mdfboundingboxtotalwidth=\skip122
\mdfboundingboxheight=\skip123
\mdfboundingboxdepth=\skip124
\mdfboundingboxtotalheight=\skip125
\mdf@freevspace@length=\skip126
\mdf@horizontalwidthofbox@length=\skip127
\mdf@verticalmarginwhole@length=\skip128
\mdf@horizontalspaceofbox=\skip129
\mdfsubtitleheight=\skip130
\mdfsubsubtitleheight=\skip131
\c@mdfcountframes=\count287

****** mdframed patching \endmdf@trivlist

****** -- success******

\mdf@envdepth=\count288
\c@mdf@env@i=\count289
\c@mdf@env@ii=\count290
\c@mdf@zref@counter=\count291
Package zref Info: New property: mdf@pagevalue on input line 895.
)
(e:/Program Files/texlive/2019/texmf-dist/tex/latex/amscls/amsthm.sty
Package: amsthm 2017/10/31 v2.20.4
\thm@style=\toks21
\thm@bodyfont=\toks22
\thm@headfont=\toks23
\thm@notefont=\toks24
\thm@headpunct=\toks25
\thm@preskip=\skip132
\thm@postskip=\skip133
\thm@headsep=\skip134
\dth@everypar=\toks26
)
(e:/Program Files/texlive/2019/texmf-dist/tex/latex/amsfonts/amsfonts.sty
Package: amsfonts 2013/01/14 v3.01 Basic AMSFonts support
\symAMSa=\mathgroup4
\symAMSb=\mathgroup5
LaTeX Font Info:    Overwriting math alphabet `\mathfrak' in version `bold'
(Font)                  U/euf/m/n --> U/euf/b/n on input line 106.
)
(e:/Program Files/texlive/2019/texmf-dist/tex/latex/makecell/makecell.sty
Package: makecell 2009/08/03 V0.1e Managing of Tab Column Heads and Cells

(e:/Program Files/texlive/2019/texmf-dist/tex/latex/tools/array.sty
Package: array 2018/12/30 v2.4k Tabular extension package (FMi)
\col@sep=\dimen185
\ar@mcellbox=\box62
\extrarowheight=\dimen186
\NC@list=\toks27
\extratabsurround=\skip135
\backup@length=\skip136
\ar@cellbox=\box63
)
\rotheadsize=\dimen187
\c@nlinenum=\count292
\TeXr@lab=\toks28
)
(e:/Program Files/texlive/2019/texmf-dist/tex/latex/jknapltx/mathrsfs.sty
Package: mathrsfs 1996/01/01 Math RSFS package v1.0 (jk)
\symrsfs=\mathgroup6
)
(e:/Program Files/texlive/2019/texmf-dist/tex/latex/tools/bm.sty
Package: bm 2017/01/16 v1.2c Bold Symbol Support (DPC/FMi)
\symboldoperators=\mathgroup7
\symboldletters=\mathgroup8
\symboldsymbols=\mathgroup9
LaTeX Font Info:    Redeclaring math alphabet \mathbf on input line 141.
LaTeX Info: Redefining \bm on input line 207.
)
(e:/Program Files/texlive/2019/texmf-dist/tex/latex/bbding/bbding.sty
Package: bbding 1999/04/15 v1.01 Dingbats symbols
)
(e:/Program Files/texlive/2019/texmf-dist/tex/latex/manfnt/manfnt.sty
Package: manfnt 1999/07/010.2LaTeX2e manfnt package
\dbend@height=\skip137
)
(e:/Program Files/texlive/2019/texmf-dist/tex/latex/lettrine/lettrine.sty
File: lettrine.sty 2019-04-06 v2.22 (Daniel Flipo)

(e:/Program Files/texlive/2019/texmf-dist/tex/generic/minifp/minifp.sty
Package: minifp 2013/12/30 v0.96. Macros for real number operations and a stack
-based programing language.
\MFP@loopctr=\count293
)
\c@DefaultLines=\count294
\c@DefaultDepth=\count295
\DefaultFindent=\dimen188
\DefaultNindent=\dimen189
\DefaultSlope=\dimen190
\DiscardVskip=\dimen191
\L@lbox=\box64
\L@tbox=\box65
\c@L@lines=\count296
\c@L@depth=\count297
\L@Pindent=\dimen192
\L@Findent=\dimen193
\L@Nindent=\dimen194
\L@lraise=\dimen195
\L@first=\dimen196
\L@next=\dimen197
\L@slope=\dimen198
\L@height=\dimen199
\L@novskip=\dimen256
\L@target@ht=\dimen257
\L@target@dp=\dimen258
\L@target@tht=\dimen259
\LettrineWidth=\dimen260
\LettrineHeight=\dimen261
\LettrineDepth=\dimen262
\Llist@everypar=\toks29

Loading lettrine.cfg
(e:/Program Files/texlive/2019/texmf-dist/tex/latex/lettrine/lettrine.cfg))
(e:/Program Files/texlive/2019/texmf-dist/tex/latex/tools/longtable.sty
Package: longtable 2014/10/28 v4.11 Multi-page Table package (DPC)+ FMi change
\LTleft=\skip138
\LTright=\skip139
\LTpre=\skip140
\LTpost=\skip141
\LTchunksize=\count298
\LTcapwidth=\dimen263
\LT@head=\box66
\LT@firsthead=\box67
\LT@foot=\box68
\LT@lastfoot=\box69
\LT@cols=\count299
\LT@rows=\count300
\c@LT@tables=\count301
\c@LT@chunks=\count302
\LT@p@ftn=\toks30
)
(e:/Program Files/texlive/2019/texmf-dist/tex/latex/appendix/appendix.sty
Package: appendix 2009/09/02 v1.2b extra appendix facilities
\c@@pps=\count303
\c@@ppsavesec=\count304
\c@@ppsaveapp=\count305
)
(e:/Program Files/texlive/2019/texmf-dist/tex/latex/geometry/geometry.sty
Package: geometry 2018/04/16 v5.8 Page Geometry

(e:/Program Files/texlive/2019/texmf-dist/tex/generic/oberdiek/ifvtex.sty
Package: ifvtex 2016/05/16 v1.6 Detect VTeX and its facilities (HO)
Package ifvtex Info: VTeX not detected.
)
(e:/Program Files/texlive/2019/texmf-dist/tex/generic/ifxetex/ifxetex.sty
Package: ifxetex 2010/09/12 v0.6 Provides ifxetex conditional
)
\Gm@cnth=\count306
\Gm@cntv=\count307
\c@Gm@tempcnt=\count308
\Gm@bindingoffset=\dimen264
\Gm@wd@mp=\dimen265
\Gm@odd@mp=\dimen266
\Gm@even@mp=\dimen267
\Gm@layoutwidth=\dimen268
\Gm@layoutheight=\dimen269
\Gm@layouthoffset=\dimen270
\Gm@layoutvoffset=\dimen271
\Gm@dimlist=\toks31
)
(e:/Program Files/texlive/2019/texmf-dist/tex/latex/fancyhdr/fancyhdr.sty
Package: fancyhdr 2019/01/31 v3.10 Extensive control of page headers and footer
s
\f@nch@headwidth=\skip142
\f@nch@O@elh=\skip143
\f@nch@O@erh=\skip144
\f@nch@O@olh=\skip145
\f@nch@O@orh=\skip146
\f@nch@O@elf=\skip147
\f@nch@O@erf=\skip148
\f@nch@O@olf=\skip149
\f@nch@O@orf=\skip150
)

Package ctex Warning: Command \CTEXsetup is deprecated.
(ctex)                \ctexset { section = { format={\centering \bfseries
(ctex)                \zihao {-3}},number={\chinese {section}},name={,、} } }
(ctex)                is set.


Package ctex Warning: Command \CTEXsetup is deprecated.
(ctex)                \ctexset { subsection = { nameformat={\bfseries \zihao
(ctex)                {-3}} } } is set.


Package ctex Warning: Command \CTEXsetup is deprecated.
(ctex)                \ctexset { subsubsection = { nameformat={\bfseries
(ctex)                \zihao {4}} } } is set.

(e:/Program Files/texlive/2019/texmf-dist/tex/latex/subfigure/subfigure.sty
Package: subfigure 2002/03/15 v2.1.5 subfigure package
\subfigtopskip=\skip151
\subfigcapskip=\skip152
\subfigcaptopadj=\dimen272
\subfigbottomskip=\skip153
\subfigcapmargin=\dimen273
\subfiglabelskip=\skip154
\c@subfigure=\count309
\c@lofdepth=\count310
\c@subtable=\count311
\c@lotdepth=\count312

****************************************
* Local config file subfigure.cfg used *
****************************************
(e:/Program Files/texlive/2019/texmf-dist/tex/latex/subfigure/subfigure.cfg)
\subfig@top=\skip155
\subfig@bottom=\skip156
)
(e:/Program Files/texlive/2019/texmf-dist/tex/latex/graphics/graphicx.sty
Package: graphicx 2017/06/01 v1.1a Enhanced LaTeX Graphics (DPC,SPQR)

(e:/Program Files/texlive/2019/texmf-dist/tex/latex/graphics/graphics.sty
Package: graphics 2017/06/25 v1.2c Standard LaTeX Graphics (DPC,SPQR)

(e:/Program Files/texlive/2019/texmf-dist/tex/latex/graphics/trig.sty
Package: trig 2016/01/03 v1.10 sin cos tan (DPC)
)
(e:/Program Files/texlive/2019/texmf-dist/tex/latex/graphics-cfg/graphics.cfg
File: graphics.cfg 2016/06/04 v1.11 sample graphics configuration
)
Package graphics Info: Driver file: xetex.def on input line 99.
)
\Gin@req@height=\dimen274
\Gin@req@width=\dimen275
) (e:/Program Files/texlive/2019/texmf-dist/tex/latex/xcolor/xcolor.sty
Package: xcolor 2016/05/11 v2.12 LaTeX color extensions (UK)

(e:/Program Files/texlive/2019/texmf-dist/tex/latex/graphics-cfg/color.cfg
File: color.cfg 2016/01/02 v1.6 sample color configuration
)
Package xcolor Info: Driver file: xetex.def on input line 225.
LaTeX Info: Redefining \color on input line 709.
Package xcolor Info: Model `cmy' substituted by `cmy0' on input line 1348.
Package xcolor Info: Model `RGB' extended on input line 1364.
Package xcolor Info: Model `HTML' substituted by `rgb' on input line 1366.
Package xcolor Info: Model `Hsb' substituted by `hsb' on input line 1367.
Package xcolor Info: Model `tHsb' substituted by `hsb' on input line 1368.
Package xcolor Info: Model `HSB' substituted by `hsb' on input line 1369.
Package xcolor Info: Model `Gray' substituted by `gray' on input line 1370.
Package xcolor Info: Model `wave' substituted by `hsb' on input line 1371.
)
(e:/Program Files/texlive/2019/texmf-dist/tex/latex/hyperref/hyperref.sty
Package: hyperref 2018/11/30 v6.88e Hypertext links for LaTeX

(e:/Program Files/texlive/2019/texmf-dist/tex/generic/oberdiek/hobsub-hyperref.
sty
Package: hobsub-hyperref 2016/05/16 v1.14 Bundle oberdiek, subset hyperref (HO)


(e:/Program Files/texlive/2019/texmf-dist/tex/generic/oberdiek/hobsub-generic.s
ty
Package: hobsub-generic 2016/05/16 v1.14 Bundle oberdiek, subset generic (HO)
Package: hobsub 2016/05/16 v1.14 Construct package bundles (HO)
Package hobsub Info: Skipping package `infwarerr' (already loaded).
Package hobsub Info: Skipping package `ltxcmds' (already loaded).
Package hobsub Info: Skipping package `ifluatex' (already loaded).
Package hobsub Info: Skipping package `ifvtex' (already loaded).
Package: intcalc 2016/05/16 v1.2 Expandable calculations with integers (HO)
Package hobsub Info: Skipping package `ifpdf' (already loaded).
Package hobsub Info: Skipping package `etexcmds' (already loaded).
Package hobsub Info: Skipping package `kvsetkeys' (already loaded).
Package hobsub Info: Skipping package `kvdefinekeys' (already loaded).
Package hobsub Info: Skipping package `pdftexcmds' (already loaded).
Package: pdfescape 2016/05/16 v1.14 Implements pdfTeX's escape features (HO)
Package: bigintcalc 2016/05/16 v1.4 Expandable calculations on big integers (HO
)
Package: bitset 2016/05/16 v1.2 Handle bit-vector datatype (HO)
Package: uniquecounter 2016/05/16 v1.3 Provide unlimited unique counter (HO)
)
Package hobsub Info: Skipping package `hobsub' (already loaded).
Package: letltxmacro 2016/05/16 v1.5 Let assignment for LaTeX macros (HO)
Package: hopatch 2016/05/16 v1.3 Wrapper for package hooks (HO)
Package: xcolor-patch 2016/05/16 xcolor patch
Package: atveryend 2016/05/16 v1.9 Hooks at the very end of document (HO)
Package hobsub Info: Skipping package `atbegshi' (already loaded).
Package: refcount 2016/05/16 v3.5 Data extraction from label references (HO)
Package: hycolor 2016/05/16 v1.8 Color options for hyperref/bookmark (HO)
)
\@linkdim=\dimen276
\Hy@linkcounter=\count313
\Hy@pagecounter=\count314
 (e:/Program Files/texlive/2019/texmf-dist/tex/latex/hyperref/pd1enc.def
File: pd1enc.def 2018/11/30 v6.88e Hyperref: PDFDocEncoding definition (HO)
)
\Hy@SavedSpaceFactor=\count315

(e:/Program Files/texlive/2019/texmf-dist/tex/latex/latexconfig/hyperref.cfg
File: hyperref.cfg 2002/06/06 v1.2 hyperref configuration of TeXLive
)
Package hyperref Info: Option `unicode' set `true' on input line 4393.

(e:/Program Files/texlive/2019/texmf-dist/tex/latex/hyperref/puenc.def
File: puenc.def 2018/11/30 v6.88e Hyperref: PDF Unicode definition (HO)
)
Package hyperref Info: Hyper figures OFF on input line 4519.
Package hyperref Info: Link nesting OFF on input line 4524.
Package hyperref Info: Hyper index ON on input line 4527.
Package hyperref Info: Plain pages OFF on input line 4534.
Package hyperref Info: Backreferencing OFF on input line 4539.
Package hyperref Info: Implicit mode ON; LaTeX internals redefined.
Package hyperref Info: Bookmarks ON on input line 4772.
\c@Hy@tempcnt=\count316

(e:/Program Files/texlive/2019/texmf-dist/tex/latex/url/url.sty
\Urlmuskip=\muskip18
Package: url 2013/09/16  ver 3.4  Verb mode for urls, etc.
)
LaTeX Info: Redefining \url on input line 5125.
\XeTeXLinkMargin=\dimen277
\Fld@menulength=\count317
\Field@Width=\dimen278
\Fld@charsize=\dimen279
Package hyperref Info: Hyper figures OFF on input line 6380.
Package hyperref Info: Link nesting OFF on input line 6385.
Package hyperref Info: Hyper index ON on input line 6388.
Package hyperref Info: backreferencing OFF on input line 6395.
Package hyperref Info: Link coloring OFF on input line 6400.
Package hyperref Info: Link coloring with OCG OFF on input line 6405.
Package hyperref Info: PDF/A mode OFF on input line 6410.
LaTeX Info: Redefining \ref on input line 6450.
LaTeX Info: Redefining \pageref on input line 6454.
\Hy@abspage=\count318
\c@Item=\count319
\c@Hfootnote=\count320
)
Package hyperref Info: Driver (autodetected): hxetex.

(e:/Program Files/texlive/2019/texmf-dist/tex/latex/hyperref/hxetex.def
File: hxetex.def 2018/11/30 v6.88e Hyperref driver for XeTeX

(e:/Program Files/texlive/2019/texmf-dist/tex/generic/oberdiek/stringenc.sty
Package: stringenc 2016/05/16 v1.11 Convert strings between diff. encodings (HO
)
)
\pdfm@box=\box70
\c@Hy@AnnotLevel=\count321
\HyField@AnnotCount=\count322
\Fld@listcount=\count323
\c@bookmark@seq@number=\count324

(e:/Program Files/texlive/2019/texmf-dist/tex/latex/oberdiek/rerunfilecheck.sty
Package: rerunfilecheck 2016/05/16 v1.8 Rerun checks for auxiliary files (HO)
Package uniquecounter Info: New unique counter `rerunfilecheck' on input line 2
82.
)
\Hy@SectionHShift=\skip157
) (e:/Program Files/texlive/2019/texmf-dist/tex/latex/caption/caption.sty
Package: caption 2018/10/06 v3.3-154 Customizing captions (AR)

(e:/Program Files/texlive/2019/texmf-dist/tex/latex/caption/caption3.sty
Package: caption3 2018/09/12 v1.8c caption3 kernel (AR)
Package caption3 Info: TeX engine: e-TeX on input line 64.
\captionmargin=\dimen280
\captionmargin@=\dimen281
\captionwidth=\dimen282
\caption@tempdima=\dimen283
\caption@indent=\dimen284
\caption@parindent=\dimen285
\caption@hangindent=\dimen286
)
\c@caption@flags=\count325
\c@ContinuedFloat=\count326
Package caption Info: hyperref package is loaded.
Package caption Info: longtable package is loaded.

(e:/Program Files/texlive/2019/texmf-dist/tex/latex/caption/ltcaption.sty
Package: ltcaption 2018/08/26 v1.4-95 longtable captions (AR)
)
Package caption Info: subfigure package is loaded.
)
Package caption Info: We need package `newfloat' on input line 42.

(e:/Program Files/texlive/2019/texmf-dist/tex/latex/caption/newfloat.sty
Package: newfloat 2018/03/04 v1.1a Defining new floating environments (AR)
)
(e:/Program Files/texlive/2019/texmf-dist/tex/latex/listings/listings.sty
\lst@mode=\count327
\lst@gtempboxa=\box71
\lst@token=\toks32
\lst@length=\count328
\lst@currlwidth=\dimen287
\lst@column=\count329
\lst@pos=\count330
\lst@lostspace=\dimen288
\lst@width=\dimen289
\lst@newlines=\count331
\lst@lineno=\count332
\lst@maxwidth=\dimen290

(e:/Program Files/texlive/2019/texmf-dist/tex/latex/listings/lstmisc.sty
File: lstmisc.sty 2019/02/27 1.8b (Carsten Heinz)
\c@lstnumber=\count333
\lst@skipnumbers=\count334
\lst@framebox=\box72
)
(e:/Program Files/texlive/2019/texmf-dist/tex/latex/listings/listings.cfg
File: listings.cfg 2019/02/27 1.8b listings configuration
))
Package: listings 2019/02/27 1.8b (Carsten Heinz)

(e:/Program Files/texlive/2019/texmf-dist/tex/latex/booktabs/booktabs.sty
Package: booktabs 2016/04/27 v1.618033 publication quality tables
\heavyrulewidth=\dimen291
\lightrulewidth=\dimen292
\cmidrulewidth=\dimen293
\belowrulesep=\dimen294
\belowbottomsep=\dimen295
\aboverulesep=\dimen296
\abovetopsep=\dimen297
\cmidrulesep=\dimen298
\cmidrulekern=\dimen299
\defaultaddspace=\dimen300
\@cmidla=\count335
\@cmidlb=\count336
\@aboverulesep=\dimen301
\@belowrulesep=\dimen302
\@thisruleclass=\count337
\@lastruleclass=\count338
\@thisrulewidth=\dimen303
)
(e:/Program Files/texlive/2019/texmf-dist/tex/latex/shorttoc/shorttoc.sty
Package: shorttoc 2002/08/20 v1.3 Short table of contents (JPFD)
)
(e:/Program Files/texlive/2019/texmf-dist/tex/latex/tabu/tabu.sty
Package: tabu 2019/01/11 v2.9 - flexible LaTeX tabulars (FC+tabu-fixed)

(e:/Program Files/texlive/2019/texmf-dist/tex/latex/varwidth/varwidth.sty
Package: varwidth 2009/03/30 ver 0.92;  Variable-width minipages
\@vwid@box=\box73
\sift@deathcycles=\count339
\@vwid@loff=\dimen304
\@vwid@roff=\dimen305
)
\c@taburow=\count340
\tabu@nbcols=\count341
\tabu@cnt=\count342
\tabu@Xcol=\count343
\tabu@alloc=\count344
\tabu@nested=\count345
\tabu@target=\dimen306
\tabu@spreadtarget=\dimen307
\tabu@naturalX=\dimen308
\tabucolX=\dimen309
\tabu@Xsum=\dimen310
\extrarowdepth=\dimen311
\abovetabulinesep=\dimen312
\belowtabulinesep=\dimen313
\tabustrutrule=\dimen314
\tabu@thebody=\toks33
\tabu@footnotes=\toks34
\tabu@box=\box74
\tabu@arstrutbox=\box75
\tabu@hleads=\box76
\tabu@vleads=\box77
\tabu@cellskip=\skip158
)
(e:/Program Files/texlive/2019/texmf-dist/tex/latex/pgf/frontendlayer/tikz.sty
(e:/Program Files/texlive/2019/texmf-dist/tex/latex/pgf/basiclayer/pgf.sty
(e:/Program Files/texlive/2019/texmf-dist/tex/latex/pgf/utilities/pgfrcs.sty
(e:/Program Files/texlive/2019/texmf-dist/tex/generic/pgf/utilities/pgfutil-com
mon.tex
\pgfutil@everybye=\toks35
\pgfutil@tempdima=\dimen315
\pgfutil@tempdimb=\dimen316

(e:/Program Files/texlive/2019/texmf-dist/tex/generic/pgf/utilities/pgfutil-com
mon-lists.tex))
(e:/Program Files/texlive/2019/texmf-dist/tex/generic/pgf/utilities/pgfutil-lat
ex.def
\pgfutil@abb=\box78
 (e:/Program Files/texlive/2019/texmf-dist/tex/latex/ms/everyshi.sty
Package: everyshi 2001/05/15 v3.00 EveryShipout Package (MS)
))
(e:/Program Files/texlive/2019/texmf-dist/tex/generic/pgf/utilities/pgfrcs.code
.tex (e:/Program Files/texlive/2019/texmf-dist/tex/generic/pgf/pgf.revision.tex
)
Package: pgfrcs 2019/02/02 v3.1.1 (3.1.1)
))
Package: pgf 2019/02/02 v3.1.1 (3.1.1)

(e:/Program Files/texlive/2019/texmf-dist/tex/latex/pgf/basiclayer/pgfcore.sty
(e:/Program Files/texlive/2019/texmf-dist/tex/latex/pgf/systemlayer/pgfsys.sty
(e:/Program Files/texlive/2019/texmf-dist/tex/generic/pgf/systemlayer/pgfsys.co
de.tex
Package: pgfsys 2019/02/02 v3.1.1 (3.1.1)

(e:/Program Files/texlive/2019/texmf-dist/tex/generic/pgf/utilities/pgfkeys.cod
e.tex
\pgfkeys@pathtoks=\toks36
\pgfkeys@temptoks=\toks37

(e:/Program Files/texlive/2019/texmf-dist/tex/generic/pgf/utilities/pgfkeysfilt
ered.code.tex
\pgfkeys@tmptoks=\toks38
))
\pgf@x=\dimen317
\pgf@y=\dimen318
\pgf@xa=\dimen319
\pgf@ya=\dimen320
\pgf@xb=\dimen321
\pgf@yb=\dimen322
\pgf@xc=\dimen323
\pgf@yc=\dimen324
\w@pgf@writea=\write3
\r@pgf@reada=\read2
\c@pgf@counta=\count346
\c@pgf@countb=\count347
\c@pgf@countc=\count348
\c@pgf@countd=\count349
\t@pgf@toka=\toks39
\t@pgf@tokb=\toks40
\t@pgf@tokc=\toks41
\pgf@sys@id@count=\count350

(e:/Program Files/texlive/2019/texmf-dist/tex/generic/pgf/systemlayer/pgf.cfg
File: pgf.cfg 2019/02/02 v3.1.1 (3.1.1)
)
Driver file for pgf: pgfsys-xetex.def

(e:/Program Files/texlive/2019/texmf-dist/tex/generic/pgf/systemlayer/pgfsys-xe
tex.def
File: pgfsys-xetex.def 2019/02/02 v3.1.1 (3.1.1)

(e:/Program Files/texlive/2019/texmf-dist/tex/generic/pgf/systemlayer/pgfsys-dv
ipdfmx.def
File: pgfsys-dvipdfmx.def 2019/02/02 v3.1.1 (3.1.1)

(e:/Program Files/texlive/2019/texmf-dist/tex/generic/pgf/systemlayer/pgfsys-co
mmon-pdf.def
File: pgfsys-common-pdf.def 2019/02/02 v3.1.1 (3.1.1)
)
\pgfsys@objnum=\count351
)))
(e:/Program Files/texlive/2019/texmf-dist/tex/generic/pgf/systemlayer/pgfsyssof
tpath.code.tex
File: pgfsyssoftpath.code.tex 2019/02/02 v3.1.1 (3.1.1)
\pgfsyssoftpath@smallbuffer@items=\count352
\pgfsyssoftpath@bigbuffer@items=\count353
)
(e:/Program Files/texlive/2019/texmf-dist/tex/generic/pgf/systemlayer/pgfsyspro
tocol.code.tex
File: pgfsysprotocol.code.tex 2019/02/02 v3.1.1 (3.1.1)
))
(e:/Program Files/texlive/2019/texmf-dist/tex/generic/pgf/basiclayer/pgfcore.co
de.tex
Package: pgfcore 2019/02/02 v3.1.1 (3.1.1)

(e:/Program Files/texlive/2019/texmf-dist/tex/generic/pgf/math/pgfmath.code.tex

(e:/Program Files/texlive/2019/texmf-dist/tex/generic/pgf/math/pgfmathcalc.code
.tex
(e:/Program Files/texlive/2019/texmf-dist/tex/generic/pgf/math/pgfmathutil.code
.tex)
(e:/Program Files/texlive/2019/texmf-dist/tex/generic/pgf/math/pgfmathparser.co
de.tex
\pgfmath@dimen=\dimen325
\pgfmath@count=\count354
\pgfmath@box=\box79
\pgfmath@toks=\toks42
\pgfmath@stack@operand=\toks43
\pgfmath@stack@operation=\toks44
)
(e:/Program Files/texlive/2019/texmf-dist/tex/generic/pgf/math/pgfmathfunctions
.code.tex
(e:/Program Files/texlive/2019/texmf-dist/tex/generic/pgf/math/pgfmathfunctions
.basic.code.tex)
(e:/Program Files/texlive/2019/texmf-dist/tex/generic/pgf/math/pgfmathfunctions
.trigonometric.code.tex)
(e:/Program Files/texlive/2019/texmf-dist/tex/generic/pgf/math/pgfmathfunctions
.random.code.tex)
(e:/Program Files/texlive/2019/texmf-dist/tex/generic/pgf/math/pgfmathfunctions
.comparison.code.tex)
(e:/Program Files/texlive/2019/texmf-dist/tex/generic/pgf/math/pgfmathfunctions
.base.code.tex)
(e:/Program Files/texlive/2019/texmf-dist/tex/generic/pgf/math/pgfmathfunctions
.round.code.tex)
(e:/Program Files/texlive/2019/texmf-dist/tex/generic/pgf/math/pgfmathfunctions
.misc.code.tex)
(e:/Program Files/texlive/2019/texmf-dist/tex/generic/pgf/math/pgfmathfunctions
.integerarithmetics.code.tex)))
(e:/Program Files/texlive/2019/texmf-dist/tex/generic/pgf/math/pgfmathfloat.cod
e.tex
\c@pgfmathroundto@lastzeros=\count355
))
(e:/Program Files/texlive/2019/texmf-dist/tex/generic/pgf/basiclayer/pgfcorepoi
nts.code.tex
File: pgfcorepoints.code.tex 2019/02/02 v3.1.1 (3.1.1)
\pgf@picminx=\dimen326
\pgf@picmaxx=\dimen327
\pgf@picminy=\dimen328
\pgf@picmaxy=\dimen329
\pgf@pathminx=\dimen330
\pgf@pathmaxx=\dimen331
\pgf@pathminy=\dimen332
\pgf@pathmaxy=\dimen333
\pgf@xx=\dimen334
\pgf@xy=\dimen335
\pgf@yx=\dimen336
\pgf@yy=\dimen337
\pgf@zx=\dimen338
\pgf@zy=\dimen339
)
(e:/Program Files/texlive/2019/texmf-dist/tex/generic/pgf/basiclayer/pgfcorepat
hconstruct.code.tex
File: pgfcorepathconstruct.code.tex 2019/02/02 v3.1.1 (3.1.1)
\pgf@path@lastx=\dimen340
\pgf@path@lasty=\dimen341
)
(e:/Program Files/texlive/2019/texmf-dist/tex/generic/pgf/basiclayer/pgfcorepat
husage.code.tex
File: pgfcorepathusage.code.tex 2019/02/02 v3.1.1 (3.1.1)
\pgf@shorten@end@additional=\dimen342
\pgf@shorten@start@additional=\dimen343
)
(e:/Program Files/texlive/2019/texmf-dist/tex/generic/pgf/basiclayer/pgfcoresco
pes.code.tex
File: pgfcorescopes.code.tex 2019/02/02 v3.1.1 (3.1.1)
\pgfpic=\box80
\pgf@hbox=\box81
\pgf@layerbox@main=\box82
\pgf@picture@serial@count=\count356
)
(e:/Program Files/texlive/2019/texmf-dist/tex/generic/pgf/basiclayer/pgfcoregra
phicstate.code.tex
File: pgfcoregraphicstate.code.tex 2019/02/02 v3.1.1 (3.1.1)
\pgflinewidth=\dimen344
)
(e:/Program Files/texlive/2019/texmf-dist/tex/generic/pgf/basiclayer/pgfcoretra
nsformations.code.tex
File: pgfcoretransformations.code.tex 2019/02/02 v3.1.1 (3.1.1)
\pgf@pt@x=\dimen345
\pgf@pt@y=\dimen346
\pgf@pt@temp=\dimen347
)
(e:/Program Files/texlive/2019/texmf-dist/tex/generic/pgf/basiclayer/pgfcorequi
ck.code.tex
File: pgfcorequick.code.tex 2019/02/02 v3.1.1 (3.1.1)
)
(e:/Program Files/texlive/2019/texmf-dist/tex/generic/pgf/basiclayer/pgfcoreobj
ects.code.tex
File: pgfcoreobjects.code.tex 2019/02/02 v3.1.1 (3.1.1)
)
(e:/Program Files/texlive/2019/texmf-dist/tex/generic/pgf/basiclayer/pgfcorepat
hprocessing.code.tex
File: pgfcorepathprocessing.code.tex 2019/02/02 v3.1.1 (3.1.1)
)
(e:/Program Files/texlive/2019/texmf-dist/tex/generic/pgf/basiclayer/pgfcorearr
ows.code.tex
File: pgfcorearrows.code.tex 2019/02/02 v3.1.1 (3.1.1)
\pgfarrowsep=\dimen348
)
(e:/Program Files/texlive/2019/texmf-dist/tex/generic/pgf/basiclayer/pgfcoresha
de.code.tex
File: pgfcoreshade.code.tex 2019/02/02 v3.1.1 (3.1.1)
\pgf@max=\dimen349
\pgf@sys@shading@range@num=\count357
)
(e:/Program Files/texlive/2019/texmf-dist/tex/generic/pgf/basiclayer/pgfcoreima
ge.code.tex
File: pgfcoreimage.code.tex 2019/02/02 v3.1.1 (3.1.1)

(e:/Program Files/texlive/2019/texmf-dist/tex/generic/pgf/basiclayer/pgfcoreext
ernal.code.tex
File: pgfcoreexternal.code.tex 2019/02/02 v3.1.1 (3.1.1)
\pgfexternal@startupbox=\box83
))
(e:/Program Files/texlive/2019/texmf-dist/tex/generic/pgf/basiclayer/pgfcorelay
ers.code.tex
File: pgfcorelayers.code.tex 2019/02/02 v3.1.1 (3.1.1)
)
(e:/Program Files/texlive/2019/texmf-dist/tex/generic/pgf/basiclayer/pgfcoretra
nsparency.code.tex
File: pgfcoretransparency.code.tex 2019/02/02 v3.1.1 (3.1.1)
)
(e:/Program Files/texlive/2019/texmf-dist/tex/generic/pgf/basiclayer/pgfcorepat
terns.code.tex
File: pgfcorepatterns.code.tex 2019/02/02 v3.1.1 (3.1.1)
)
(e:/Program Files/texlive/2019/texmf-dist/tex/generic/pgf/basiclayer/pgfcorerdf
.code.tex
File: pgfcorerdf.code.tex 2019/02/02 v3.1.1 (3.1.1)
)))
(e:/Program Files/texlive/2019/texmf-dist/tex/generic/pgf/modules/pgfmoduleshap
es.code.tex
File: pgfmoduleshapes.code.tex 2019/02/02 v3.1.1 (3.1.1)
\pgfnodeparttextbox=\box84
)
(e:/Program Files/texlive/2019/texmf-dist/tex/generic/pgf/modules/pgfmoduleplot
.code.tex
File: pgfmoduleplot.code.tex 2019/02/02 v3.1.1 (3.1.1)
)
(e:/Program Files/texlive/2019/texmf-dist/tex/latex/pgf/compatibility/pgfcomp-v
ersion-0-65.sty
Package: pgfcomp-version-0-65 2019/02/02 v3.1.1 (3.1.1)
\pgf@nodesepstart=\dimen350
\pgf@nodesepend=\dimen351
)
(e:/Program Files/texlive/2019/texmf-dist/tex/latex/pgf/compatibility/pgfcomp-v
ersion-1-18.sty
Package: pgfcomp-version-1-18 2019/02/02 v3.1.1 (3.1.1)
))
(e:/Program Files/texlive/2019/texmf-dist/tex/latex/pgf/utilities/pgffor.sty
(e:/Program Files/texlive/2019/texmf-dist/tex/latex/pgf/utilities/pgfkeys.sty
(e:/Program Files/texlive/2019/texmf-dist/tex/generic/pgf/utilities/pgfkeys.cod
e.tex))
(e:/Program Files/texlive/2019/texmf-dist/tex/latex/pgf/math/pgfmath.sty
(e:/Program Files/texlive/2019/texmf-dist/tex/generic/pgf/math/pgfmath.code.tex
))
(e:/Program Files/texlive/2019/texmf-dist/tex/generic/pgf/utilities/pgffor.code
.tex
Package: pgffor 2019/02/02 v3.1.1 (3.1.1)

(e:/Program Files/texlive/2019/texmf-dist/tex/generic/pgf/math/pgfmath.code.tex
)
\pgffor@iter=\dimen352
\pgffor@skip=\dimen353
\pgffor@stack=\toks45
\pgffor@toks=\toks46
))
(e:/Program Files/texlive/2019/texmf-dist/tex/generic/pgf/frontendlayer/tikz/ti
kz.code.tex
Package: tikz 2019/02/02 v3.1.1 (3.1.1)

(e:/Program Files/texlive/2019/texmf-dist/tex/generic/pgf/libraries/pgflibraryp
lothandlers.code.tex
File: pgflibraryplothandlers.code.tex 2019/02/02 v3.1.1 (3.1.1)
\pgf@plot@mark@count=\count358
\pgfplotmarksize=\dimen354
)
\tikz@lastx=\dimen355
\tikz@lasty=\dimen356
\tikz@lastxsaved=\dimen357
\tikz@lastysaved=\dimen358
\tikzleveldistance=\dimen359
\tikzsiblingdistance=\dimen360
\tikz@figbox=\box85
\tikz@figbox@bg=\box86
\tikz@tempbox=\box87
\tikz@tempbox@bg=\box88
\tikztreelevel=\count359
\tikznumberofchildren=\count360
\tikznumberofcurrentchild=\count361
\tikz@fig@count=\count362

(e:/Program Files/texlive/2019/texmf-dist/tex/generic/pgf/modules/pgfmodulematr
ix.code.tex
File: pgfmodulematrix.code.tex 2019/02/02 v3.1.1 (3.1.1)
\pgfmatrixcurrentrow=\count363
\pgfmatrixcurrentcolumn=\count364
\pgf@matrix@numberofcolumns=\count365
)
\tikz@expandcount=\count366

(e:/Program Files/texlive/2019/texmf-dist/tex/generic/pgf/frontendlayer/tikz/li
braries/tikzlibrarytopaths.code.tex
File: tikzlibrarytopaths.code.tex 2019/02/02 v3.1.1 (3.1.1)
)))
(e:/Program Files/texlive/2019/texmf-dist/tex/latex/float/float.sty
Package: float 2001/11/08 v1.3d Float enhancements (AL)
\c@float@type=\count367
\float@exts=\toks47
\float@box=\box89
\@float@everytoks=\toks48
\@floatcapt=\box90
)
(e:/Program Files/texlive/2019/texmf-dist/tex/latex/multirow/multirow.sty
Package: multirow 2019/01/01 v2.4 Span multiple rows of a table
\multirow@colwidth=\skip159
\multirow@cntb=\count368
\multirow@dima=\skip160
\bigstrutjot=\dimen361
)
\tikzboxwidth=\skip161
\tikzboxheight=\skip162

(e:/Program Files/texlive/2019/texmf-dist/tex/latex/base/ifthen.sty
Package: ifthen 2014/09/29 v1.1c Standard LaTeX ifthen package (DPC)
)
\c@Theorem=\count369
\c@Lemma=\count370

(./pythonhighlight.sty
Package: pythonhighlight 2011/09/19 python code highlighting; provided by Olivi
er Verdier <olivier.verdier@gmail.com>
)
(e:/Program Files/texlive/2019/texmf-dist/tex/latex/tikz-3dplot/tikz-3dplot.sty

(e:/Program Files/texlive/2019/texmf-dist/tex/generic/pgf/frontendlayer/tikz/li
braries/tikzlibrarycalc.code.tex
File: tikzlibrarycalc.code.tex 2019/02/02 v3.1.1 (3.1.1)
)
(e:/Program Files/texlive/2019/texmf-dist/tex/generic/pgf/frontendlayer/tikz/li
braries/tikzlibrary3d.code.tex
File: tikzlibrary3d.code.tex 2019/02/02 v3.1.1 (3.1.1)
)
(e:/Program Files/texlive/2019/texmf-dist/tex/generic/pgf/frontendlayer/tikz/li
braries/tikzlibraryarrows.code.tex
File: tikzlibraryarrows.code.tex 2019/02/02 v3.1.1 (3.1.1)

(e:/Program Files/texlive/2019/texmf-dist/tex/generic/pgf/libraries/pgflibrarya
rrows.code.tex
File: pgflibraryarrows.code.tex 2019/02/02 v3.1.1 (3.1.1)
\arrowsize=\dimen362
)))
(e:/Program Files/texlive/2019/texmf-dist/tex/generic/pgf/frontendlayer/tikz/li
braries/tikzlibraryshapes.code.tex
File: tikzlibraryshapes.code.tex 2019/02/02 v3.1.1 (3.1.1)

(e:/Program Files/texlive/2019/texmf-dist/tex/generic/pgf/frontendlayer/tikz/li
braries/tikzlibraryshapes.geometric.code.tex
File: tikzlibraryshapes.geometric.code.tex 2019/02/02 v3.1.1 (3.1.1)

(e:/Program Files/texlive/2019/texmf-dist/tex/generic/pgf/libraries/shapes/pgfl
ibraryshapes.geometric.code.tex
File: pgflibraryshapes.geometric.code.tex 2019/02/02 v3.1.1 (3.1.1)
))
(e:/Program Files/texlive/2019/texmf-dist/tex/generic/pgf/frontendlayer/tikz/li
braries/tikzlibraryshapes.misc.code.tex
File: tikzlibraryshapes.misc.code.tex 2019/02/02 v3.1.1 (3.1.1)

(e:/Program Files/texlive/2019/texmf-dist/tex/generic/pgf/libraries/shapes/pgfl
ibraryshapes.misc.code.tex
File: pgflibraryshapes.misc.code.tex 2019/02/02 v3.1.1 (3.1.1)
))
(e:/Program Files/texlive/2019/texmf-dist/tex/generic/pgf/frontendlayer/tikz/li
braries/tikzlibraryshapes.symbols.code.tex
File: tikzlibraryshapes.symbols.code.tex 2019/02/02 v3.1.1 (3.1.1)

(e:/Program Files/texlive/2019/texmf-dist/tex/generic/pgf/libraries/shapes/pgfl
ibraryshapes.symbols.code.tex
File: pgflibraryshapes.symbols.code.tex 2019/02/02 v3.1.1 (3.1.1)
))
(e:/Program Files/texlive/2019/texmf-dist/tex/generic/pgf/frontendlayer/tikz/li
braries/tikzlibraryshapes.arrows.code.tex
File: tikzlibraryshapes.arrows.code.tex 2019/02/02 v3.1.1 (3.1.1)

(e:/Program Files/texlive/2019/texmf-dist/tex/generic/pgf/libraries/shapes/pgfl
ibraryshapes.arrows.code.tex
File: pgflibraryshapes.arrows.code.tex 2019/02/02 v3.1.1 (3.1.1)
))
(e:/Program Files/texlive/2019/texmf-dist/tex/generic/pgf/frontendlayer/tikz/li
braries/tikzlibraryshapes.callouts.code.tex
(e:/Program Files/texlive/2019/texmf-dist/tex/generic/pgf/libraries/shapes/pgfl
ibraryshapes.callouts.code.tex))
(e:/Program Files/texlive/2019/texmf-dist/tex/generic/pgf/frontendlayer/tikz/li
braries/tikzlibraryshapes.multipart.code.tex
File: tikzlibraryshapes.multipart.code.tex 2019/02/02 v3.1.1 (3.1.1)

(e:/Program Files/texlive/2019/texmf-dist/tex/generic/pgf/libraries/shapes/pgfl
ibraryshapes.multipart.code.tex
File: pgflibraryshapes.multipart.code.tex 2019/02/02 v3.1.1 (3.1.1)
\pgfnodepartlowerbox=\box91
\pgfnodeparttwobox=\box92
\pgfnodepartthreebox=\box93
\pgfnodepartfourbox=\box94
\pgfnodeparttwentybox=\box95
\pgfnodepartnineteenbox=\box96
\pgfnodeparteighteenbox=\box97
\pgfnodepartseventeenbox=\box98
\pgfnodepartsixteenbox=\box99
\pgfnodepartfifteenbox=\box100
\pgfnodepartfourteenbox=\box101
\pgfnodepartthirteenbox=\box102
\pgfnodeparttwelvebox=\box103
\pgfnodepartelevenbox=\box104
\pgfnodeparttenbox=\box105
\pgfnodepartninebox=\box106
\pgfnodeparteightbox=\box107
\pgfnodepartsevenbox=\box108
\pgfnodepartsixbox=\box109
\pgfnodepartfivebox=\box110
)))
(e:/Program Files/texlive/2019/texmf-dist/tex/generic/pgf/frontendlayer/tikz/li
braries/tikzlibrarypositioning.code.tex
File: tikzlibrarypositioning.code.tex 2019/02/02 v3.1.1 (3.1.1)
)
(e:/Program Files/texlive/2019/texmf-dist/tex/xelatex/xecjk/xeCJK-listings.sty
Package: xeCJK-listings 2019/04/07 v3.7.2 xeCJK patch file for listings
\l__xeCJK_listings_max_char_int=\count371
\l__xeCJK_listings_flag_int=\count372
) (./thesis.aux (./body/document.aux

LaTeX Warning: Label `fig:3Drot' multiply defined.

) (./body/appendices.aux))
\openout1 = `thesis.aux'.

LaTeX Font Info:    Checking defaults for OML/cmm/m/it on input line 144.
LaTeX Font Info:    ... okay on input line 144.
LaTeX Font Info:    Checking defaults for T1/cmr/m/n on input line 144.
LaTeX Font Info:    ... okay on input line 144.
LaTeX Font Info:    Checking defaults for OT1/cmr/m/n on input line 144.
LaTeX Font Info:    ... okay on input line 144.
LaTeX Font Info:    Checking defaults for OMS/cmsy/m/n on input line 144.
LaTeX Font Info:    ... okay on input line 144.
LaTeX Font Info:    Checking defaults for TU/lmr/m/n on input line 144.
LaTeX Font Info:    ... okay on input line 144.
LaTeX Font Info:    Checking defaults for OMX/cmex/m/n on input line 144.
LaTeX Font Info:    ... okay on input line 144.
LaTeX Font Info:    Checking defaults for U/cmr/m/n on input line 144.
LaTeX Font Info:    ... okay on input line 144.
LaTeX Font Info:    Checking defaults for TS1/cmr/m/n on input line 144.
LaTeX Font Info:    ... okay on input line 144.
LaTeX Font Info:    Checking defaults for PD1/pdf/m/n on input line 144.
LaTeX Font Info:    ... okay on input line 144.
LaTeX Font Info:    Checking defaults for PU/pdf/m/n on input line 144.
LaTeX Font Info:    ... okay on input line 144.
 ABD: EverySelectfont initializing macros
LaTeX Info: Redefining \selectfont on input line 144.

Package fontspec Info: Adjusting the maths setup (use [no-math] to avoid
(fontspec)             this).

\symlegacymaths=\mathgroup10
LaTeX Font Info:    Overwriting symbol font `legacymaths' in version `bold'
(Font)                  OT1/cmr/m/n --> OT1/cmr/bx/n on input line 144.
LaTeX Font Info:    Redeclaring math accent \acute on input line 144.
LaTeX Font Info:    Redeclaring math accent \grave on input line 144.
LaTeX Font Info:    Redeclaring math accent \ddot on input line 144.
LaTeX Font Info:    Redeclaring math accent \tilde on input line 144.
LaTeX Font Info:    Redeclaring math accent \bar on input line 144.
LaTeX Font Info:    Redeclaring math accent \breve on input line 144.
LaTeX Font Info:    Redeclaring math accent \check on input line 144.
LaTeX Font Info:    Redeclaring math accent \hat on input line 144.
LaTeX Font Info:    Redeclaring math accent \dot on input line 144.
LaTeX Font Info:    Redeclaring math accent \mathring on input line 144.
LaTeX Font Info:    Redeclaring math symbol \Gamma on input line 144.
LaTeX Font Info:    Redeclaring math symbol \Delta on input line 144.
LaTeX Font Info:    Redeclaring math symbol \Theta on input line 144.
LaTeX Font Info:    Redeclaring math symbol \Lambda on input line 144.
LaTeX Font Info:    Redeclaring math symbol \Xi on input line 144.
LaTeX Font Info:    Redeclaring math symbol \Pi on input line 144.
LaTeX Font Info:    Redeclaring math symbol \Sigma on input line 144.
LaTeX Font Info:    Redeclaring math symbol \Upsilon on input line 144.
LaTeX Font Info:    Redeclaring math symbol \Phi on input line 144.
LaTeX Font Info:    Redeclaring math symbol \Psi on input line 144.
LaTeX Font Info:    Redeclaring math symbol \Omega on input line 144.
LaTeX Font Info:    Redeclaring math symbol \mathdollar on input line 144.
LaTeX Font Info:    Redeclaring symbol font `operators' on input line 144.
LaTeX Font Info:    Encoding `OT1' has changed to `TU' for symbol font
(Font)              `operators' in the math version `normal' on input line 144.

LaTeX Font Info:    Overwriting symbol font `operators' in version `normal'
(Font)                  OT1/cmr/m/n --> TU/lmr/m/n on input line 144.
LaTeX Font Info:    Encoding `OT1' has changed to `TU' for symbol font
(Font)              `operators' in the math version `bold' on input line 144.
LaTeX Font Info:    Overwriting symbol font `operators' in version `bold'
(Font)                  OT1/cmr/bx/n --> TU/lmr/m/n on input line 144.
LaTeX Font Info:    Overwriting symbol font `operators' in version `normal'
(Font)                  TU/lmr/m/n --> TU/lmr/m/n on input line 144.
LaTeX Font Info:    Overwriting math alphabet `\mathit' in version `normal'
(Font)                  OT1/cmr/m/it --> TU/lmr/m/it on input line 144.
LaTeX Font Info:    Overwriting math alphabet `\mathbf' in version `normal'
(Font)                  OT1/cmr/bx/n --> TU/lmr/bx/n on input line 144.
LaTeX Font Info:    Overwriting math alphabet `\mathsf' in version `normal'
(Font)                  OT1/cmss/m/n --> TU/lmss/m/n on input line 144.
LaTeX Font Info:    Overwriting math alphabet `\mathtt' in version `normal'
(Font)                  OT1/cmtt/m/n --> TU/lmtt/m/n on input line 144.
LaTeX Font Info:    Overwriting symbol font `operators' in version `bold'
(Font)                  TU/lmr/m/n --> TU/lmr/bx/n on input line 144.
LaTeX Font Info:    Overwriting math alphabet `\mathit' in version `bold'
(Font)                  OT1/cmr/bx/it --> TU/lmr/bx/it on input line 144.
LaTeX Font Info:    Overwriting math alphabet `\mathsf' in version `bold'
(Font)                  OT1/cmss/bx/n --> TU/lmss/bx/n on input line 144.
LaTeX Font Info:    Overwriting math alphabet `\mathtt' in version `bold'
(Font)                  OT1/cmtt/m/n --> TU/lmtt/bx/n on input line 144.
\AtBeginShipoutBox=\box111

*geometry* driver: auto-detecting
*geometry* detected driver: xetex
*geometry* verbose mode - [ preamble ] result:
* driver: xetex
* paper: a4paper
* layout: <same size as paper>
* layoutoffset:(h,v)=(0.0pt,0.0pt)
* modes: 
* h-part:(L,W,R)=(71.13188pt, 455.24411pt, 71.13188pt)
* v-part:(T,H,B)=(85.35826pt, 682.86624pt, 76.82234pt)
* \paperwidth=597.50787pt
* \paperheight=845.04684pt
* \textwidth=455.24411pt
* \textheight=682.86624pt
* \oddsidemargin=-1.1381pt
* \evensidemargin=-1.1381pt
* \topmargin=-23.91173pt
* \headheight=12.0pt
* \headsep=25.0pt
* \topskip=12.0pt
* \footskip=30.0pt
* \marginparwidth=35.0pt
* \marginparsep=10.0pt
* \columnsep=10.0pt
* \skip\footins=10.8pt plus 4.0pt minus 2.0pt
* \hoffset=0.0pt
* \voffset=0.0pt
* \mag=1000
* \@twocolumnfalse
* \@twosidefalse
* \@mparswitchfalse
* \@reversemarginfalse
* (1in=72.27pt=25.4mm, 1cm=28.453pt)

Package hyperref Info: Link coloring OFF on input line 144.
(e:/Program Files/texlive/2019/texmf-dist/tex/latex/hyperref/nameref.sty
Package: nameref 2016/05/21 v2.44 Cross-referencing by name of section

(e:/Program Files/texlive/2019/texmf-dist/tex/generic/oberdiek/gettitlestring.s
ty
Package: gettitlestring 2016/05/16 v1.5 Cleanup title references (HO)
)
\c@section@level=\count373
)
LaTeX Info: Redefining \ref on input line 144.
LaTeX Info: Redefining \pageref on input line 144.
LaTeX Info: Redefining \nameref on input line 144.
 (./thesis.out) (./thesis.out)
\@outlinefile=\write4
\openout4 = `thesis.out'.

Package caption Info: Begin \AtBeginDocument code.
Package caption Info: float package is loaded.
Package caption Info: listings package is loaded.
Package caption Info: End \AtBeginDocument code.
\c@lstlisting=\count374
 ABD: EveryShipout initializing macros
\c@example=\count375
\c@algorithm=\count376
\c@theorem=\count377
\c@definition=\count378
\c@axiom=\count379
\c@property=\count380
\c@proposition=\count381
\c@lemma=\count382
\c@corollary=\count383
\c@remark=\count384
\c@condition=\count385
\c@conclusion=\count386
\c@assumption=\count387

(./body/cover.tex
File: figure/hfut_font_logo.png Graphic file (type bmp)
<figure/hfut_font_logo.png>
LaTeX Font Info:    Try loading font information for U+msa on input line 16.

(e:/Program Files/texlive/2019/texmf-dist/tex/latex/amsfonts/umsa.fd
File: umsa.fd 2013/01/14 v3.01 AMS symbols A
)
LaTeX Font Info:    Try loading font information for U+msb on input line 16.

(e:/Program Files/texlive/2019/texmf-dist/tex/latex/amsfonts/umsb.fd
File: umsb.fd 2013/01/14 v3.01 AMS symbols B
)
LaTeX Font Info:    Try loading font information for U+rsfs on input line 16.

(e:/Program Files/texlive/2019/texmf-dist/tex/latex/jknapltx/ursfs.fd
File: ursfs.fd 1998/03/24 rsfs font definition file (jk)
)

LaTeX Font Warning: Font shape `U/rsfs/m/n' in size <15.05624> not available
(Font)              size <14.4> substituted on input line 16.

[1

]

LaTeX Font Warning: Font shape `U/rsfs/m/n' in size <10.53937> not available
(Font)              size <10.95> substituted on input line 52.


LaTeX Font Warning: Font shape `U/rsfs/m/n' in size <7.52812> not available
(Font)              size <8> substituted on input line 52.


Overfull \hbox (4.3564pt too wide) in paragraph at lines 49--69
 [][] 
 []

[1]) (./thesis.toc)
\tf@toc=\write5
\openout5 = `thesis.toc'.

 [1

]

Package fontspec Info: Could not resolve font "KaiTi/BI" (it probably doesn't
(fontspec)             exist).


Package fontspec Info: Could not resolve font "KaiTi/B" (it probably doesn't
(fontspec)             exist).


Package fontspec Info: Could not resolve font "KaiTi/I" (it probably doesn't
(fontspec)             exist).


Package fontspec Info: Font family 'KaiTi(0)' created for font 'KaiTi' with
(fontspec)             options [Script={CJK}].
(fontspec)              
(fontspec)              This font family consists of the following NFSS
(fontspec)             series/shapes:
(fontspec)              
(fontspec)             - 'normal' (m/n) with NFSS spec.:
(fontspec)             <->"KaiTi/OT:script=hani;language=DFLT;"
(fontspec)             - 'small caps'  (m/sc) with NFSS spec.: 



Package Fancyhdr Warning: \headheight is too small (12.0pt): 
Make it at least 12.64723pt.
We now make it that large for the rest of the document.
This may cause the page layout to be inconsistent, however.

[2]
\openout2 = `body/document.aux'.

 (./body/document.tex

Package fontspec Info: Could not resolve font "FangSong/BI" (it probably
(fontspec)             doesn't exist).


Package fontspec Info: Could not resolve font "FangSong/B" (it probably
(fontspec)             doesn't exist).


Package fontspec Info: Could not resolve font "FangSong/I" (it probably
(fontspec)             doesn't exist).


Package fontspec Info: Font family 'FangSong(0)' created for font 'FangSong'
(fontspec)             with options [Script={CJK}].
(fontspec)              
(fontspec)              This font family consists of the following NFSS
(fontspec)             series/shapes:
(fontspec)              
(fontspec)             - 'normal' (m/n) with NFSS spec.:
(fontspec)             <->"FangSong/OT:script=hani;language=DFLT;"
(fontspec)             - 'small caps'  (m/sc) with NFSS spec.: 

 [1

] [2] [3]
File: figure/title.png Graphic file (type bmp)
<figure/title.png>

Package fontspec Info: Could not resolve font "SimSun/BI" (it probably doesn't
(fontspec)             exist).


Package fontspec Info: Could not resolve font "SimSun/B" (it probably doesn't
(fontspec)             exist).


Package fontspec Info: Could not resolve font "SimSun/I" (it probably doesn't
(fontspec)             exist).


Package fontspec Info: Font family 'SimSun(1)' created for font 'SimSun' with
(fontspec)             options [Script={CJK}].
(fontspec)              
(fontspec)              This font family consists of the following NFSS
(fontspec)             series/shapes:
(fontspec)              
(fontspec)             - 'normal' (m/n) with NFSS spec.:
(fontspec)             <->"SimSun/OT:script=hani;language=DFLT;"
(fontspec)             - 'small caps'  (m/sc) with NFSS spec.: 



LaTeX Font Warning: Font shape `TU/SimSun(1)/bx/n' undefined
(Font)              using `TU/SimSun(1)/m/n' instead on input line 94.

[4] [5] [6]

LaTeX Warning: `h' float specifier changed to `ht'.

(e:/Program Files/texlive/2019/texmf-dist/tex/latex/listings/lstlang1.sty
File: lstlang1.sty 2019/02/27 1.8b listings language file
)
[7] [8] [9] [10] [11] [12] [13] [14]
File: figure/421.eps Graphic file (type eps)
<figure/421.eps>
File: figure/4221.eps Graphic file (type eps)
<figure/4221.eps>
File: figure/4222.eps Graphic file (type eps)
<figure/4222.eps>
 [15] [16]) [17] (./thesis.bbl) [18

]
\openout2 = `body/appendices.aux'.


(./body/appendices.tex [19


]
(e:/Program Files/texlive/2019/texmf-dist/tex/latex/listings/lstlang1.sty
File: lstlang1.sty 2019/02/27 1.8b listings language file
)
[20]
LaTeX Font Info:    Font shape `TU/lmtt/bx/n' in size <9.03374> not available
(Font)              Font shape `TU/lmtt/b/n' tried instead on input line 99.
 [21] [22]) [23]
Package atveryend Info: Empty hook `BeforeClearDocument' on input line 187.
Package atveryend Info: Empty hook `AfterLastShipout' on input line 187.
 (./thesis.aux (./body/document.aux) (./body/appendices.aux))
Package atveryend Info: Empty hook `AtVeryEndDocument' on input line 187.
Package atveryend Info: Executing hook `AtEndAfterFileList' on input line 187.
Package rerunfilecheck Info: File `thesis.out' has not changed.
(rerunfilecheck)             Checksum: 1937BAC111DEE53CC13D5947B345794C.


LaTeX Font Warning: Size substitutions with differences
(Font)              up to 0.65625pt have occurred.


LaTeX Font Warning: Some font shapes were not available, defaults substituted.


LaTeX Warning: There were multiply-defined labels.

 ) 
Here is how much of TeX's memory you used:
 44921 strings out of 492922
 927143 string characters out of 6130899
 1219124 words of memory out of 5000000
 48221 multiletter control sequences out of 15000+600000
 557434 words of font info for 172 fonts, out of 8000000 for 9000
 1348 hyphenation exceptions out of 8191
 55i,17n,84p,828b,2376s stack positions out of 5000i,500n,10000p,200000b,80000s

Output written on thesis.pdf (27 pages).
